2024-03-02 04:50:07.216 [warning] /home/vscode/.ssh/config: ENOENT: no such file or directory, open '/home/vscode/.ssh/config'
2024-03-02 04:50:07.216 [info] Activation> Extension version: 0.78.1
2024-03-02 04:50:10.431 [info] Looking for git repository
2024-03-02 04:50:10.431 [info] Found 0 repositories during activation
2024-03-02 04:50:10.431 [info] Git repository found, initializing review manager and pr tree view.
2024-03-02 04:50:10.432 [info] Registering git provider
2024-03-02 05:37:22.951 [info] Repository file:///home/vscode/progate_path/self_introduction_push/self_introduction has been opened
2024-03-02 05:37:22.951 [info] Review+0> Validate state in progress
2024-03-02 05:37:22.952 [info] Review+0> Validating state...
2024-03-02 05:37:22.953 [warning] No remotes found. The following remotes are missing: origin, upstream
2024-03-02 05:37:22.953 [info] No GitHub remotes found for folder /home/vscode/progate_path/self_introduction_push/self_introduction
2024-03-02 05:37:23.059 [info] Review+0> Queuing additional validate state
2024-03-02 05:37:23.059 [info] Repo state for file:///home/vscode/progate_path/self_introduction_push/self_introduction changed.
2024-03-02 05:37:23.059 [info] Repo file:///home/vscode/progate_path/self_introduction_push/self_introduction has already been setup.
2024-03-02 05:37:23.370 [info] Review+0> Validating state...
2024-03-02 05:37:23.370 [warning] No remotes found. The following remotes are missing: origin, upstream
2024-03-02 05:37:23.370 [info] No GitHub remotes found for folder /home/vscode/progate_path/self_introduction_push/self_introduction
2024-03-02 05:37:23.480 [info] Review+0> No matching pull request metadata found locally for current branch main
2024-03-02 05:37:23.484 [info] Review+0> Failed to get upstream for branch main from git config.
2024-03-02 05:37:23.484 [info] Review+0> No matching pull request metadata found on GitHub for current branch main
2024-03-02 05:37:38.714 [info] Review+0> Validate state in progress
2024-03-02 05:37:38.714 [info] Review+0> Validating state...
2024-03-02 05:37:38.715 [warning] No remotes found. The following remotes are missing: origin, upstream
2024-03-02 05:37:38.715 [info] No GitHub remotes found for folder /home/vscode/progate_path/self_introduction_push/self_introduction
2024-03-02 05:37:38.776 [info] Review+0> No matching pull request metadata found locally for current branch main
2024-03-02 05:37:38.779 [info] Review+0> Failed to get upstream for branch main from git config.
2024-03-02 05:37:38.779 [info] Review+0> No matching pull request metadata found on GitHub for current branch main
2024-03-02 05:39:33.606 [info] Review+0> Validate state in progress
2024-03-02 05:39:33.606 [info] Review+0> Validating state...
2024-03-02 05:39:33.607 [warning] No remotes found. The following remotes are missing: origin, upstream
2024-03-02 05:39:33.607 [info] No GitHub remotes found for folder /home/vscode/progate_path/self_introduction_push/self_introduction
2024-03-02 05:39:33.674 [info] Review+0> No matching pull request metadata found locally for current branch main
2024-03-02 05:39:33.677 [info] Review+0> Failed to get upstream for branch main from git config.
2024-03-02 05:39:33.677 [info] Review+0> No matching pull request metadata found on GitHub for current branch main
2024-03-02 05:41:30.560 [info] Review+0> Validate state in progress
2024-03-02 05:41:30.560 [info] Review+0> Validating state...
2024-03-02 05:41:30.644 [info] Found GitHub remote for folder /home/vscode/progate_path/self_introduction_push/self_introduction
2024-03-02 05:41:31.058 [info] Trying to use globalState for assignableUsers.
2024-03-02 05:41:31.271 [info] Review+0> No matching pull request metadata found locally for current branch main
2024-03-02 05:41:31.275 [info] Review+0> Failed to get upstream for branch main from git config.
2024-03-02 05:41:31.275 [info] Review+0> No matching pull request metadata found on GitHub for current branch main
2024-03-02 05:41:31.404 [info] Using globalState assignableUsers for 1.
2024-03-02 05:45:15.085 [info] Review+0> Validate state in progress
2024-03-02 05:45:15.085 [info] Review+0> Validating state...
2024-03-02 05:45:15.166 [info] Found GitHub remote for folder /home/vscode/progate_path/self_introduction_push/self_introduction
2024-03-02 05:45:15.167 [info] Using in-memory cached assignable users.
2024-03-02 05:45:15.346 [info] Review+0> No matching pull request metadata found locally for current branch main
2024-03-02 05:45:15.349 [info] Review+0> Failed to get upstream for branch main from git config.
2024-03-02 05:45:15.349 [info] Review+0> No matching pull request metadata found on GitHub for current branch main
2024-03-02 05:57:46.821 [info] Review+0> Validate state in progress
2024-03-02 05:57:46.821 [info] Review+0> Validating state...
2024-03-02 05:57:46.926 [info] Found GitHub remote for folder /home/vscode/progate_path/self_introduction_push/self_introduction
2024-03-02 05:57:46.927 [info] Using in-memory cached assignable users.
2024-03-02 05:57:47.133 [info] Review+0> No matching pull request metadata found locally for current branch branch-a
2024-03-02 05:57:47.141 [info] Review+0> Failed to get upstream for branch branch-a from git config.
2024-03-02 05:57:47.142 [info] Review+0> No matching pull request metadata found on GitHub for current branch branch-a
