2024-03-02 06:02:25.952 [info] Reading sessions from keychain...
2024-03-02 06:02:25.952 [info] Getting sessions for all scopes...
2024-03-02 06:02:25.952 [info] Getting sessions for user:email...
2024-03-02 06:02:25.952 [info] Got stored sessions!
2024-03-02 06:02:25.952 [info] Got 6 verified sessions.
2024-03-02 06:02:25.952 [info] Got 6 sessions for ...
2024-03-02 06:02:25.953 [info] Got 1 sessions for user:email...
2024-03-02 06:02:26.007 [info] Getting sessions for all scopes...
2024-03-02 06:02:26.008 [info] Got 6 sessions for ...
2024-03-02 06:02:26.145 [info] Getting sessions for codespace,read:user,repo,user:email...
2024-03-02 06:02:26.145 [info] Getting sessions for all scopes...
2024-03-02 06:02:26.145 [info] Got 1 sessions for codespace,read:user,repo,user:email...
2024-03-02 06:02:26.145 [info] Got 6 sessions for ...
2024-03-02 06:02:26.785 [info] Getting sessions for all scopes...
2024-03-02 06:02:26.785 [info] Got 6 sessions for ...
2024-03-02 06:02:28.492 [info] Getting sessions for all scopes...
2024-03-02 06:02:28.493 [info] Got 6 sessions for ...
2024-03-02 06:02:28.700 [info] Getting sessions for all scopes...
2024-03-02 06:02:28.701 [info] Got 6 sessions for ...
2024-03-02 06:02:28.986 [info] Getting sessions for read:user,repo,user:email,workflow...
2024-03-02 06:02:28.986 [info] Getting sessions for all scopes...
2024-03-02 06:02:28.986 [info] Got 1 sessions for read:user,repo,user:email,workflow...
2024-03-02 06:02:28.986 [info] Got 6 sessions for ...
2024-03-02 06:02:29.066 [info] Getting sessions for project,read:org,read:user,repo,user:email,workflow...
2024-03-02 06:02:29.066 [info] Getting sessions for all scopes...
2024-03-02 06:02:29.066 [info] Got 0 sessions for project,read:org,read:user,repo,user:email,workflow...
2024-03-02 06:02:29.066 [info] Got 6 sessions for ...
2024-03-02 06:02:29.685 [info] Getting sessions for user:email...
2024-03-02 06:02:29.685 [info] Got 1 sessions for user:email...
2024-03-02 06:02:30.014 [info] Getting sessions for read:user,repo,user:email,workflow...
2024-03-02 06:02:30.015 [info] Got 1 sessions for read:user,repo,user:email,workflow...
2024-03-02 06:02:33.350 [info] Getting sessions for read:user,repo,user:email,workflow...
2024-03-02 06:02:33.350 [info] Got 1 sessions for read:user,repo,user:email,workflow...
