2024-03-02 04:40:56.979 [warning] /home/vscode/.ssh/config: ENOENT: no such file or directory, open '/home/vscode/.ssh/config'
2024-03-02 04:40:56.979 [info] Activation> Extension version: 0.78.1
2024-03-02 04:41:04.407 [info] Looking for git repository
2024-03-02 04:41:04.407 [info] Found 0 repositories during activation
2024-03-02 04:41:04.407 [info] Git repository found, initializing review manager and pr tree view.
2024-03-02 04:41:04.430 [info] Registering git provider
2024-03-02 04:41:04.538 [info] Repository file:///home/vscode/environment has been opened
2024-03-02 04:41:04.567 [info] Git initialization state changed: state=initialized
2024-03-02 04:41:04.567 [info] Review+0> Validate state in progress
2024-03-02 04:41:04.567 [info] Review+0> Validating state...
2024-03-02 04:41:04.567 [info] Review+1> Validate state in progress
2024-03-02 04:41:04.567 [info] Review+1> Validating state...
2024-03-02 04:41:04.567 [info] Review+2> Validate state in progress
2024-03-02 04:41:04.567 [info] Review+2> Validating state...
2024-03-02 04:41:04.567 [warning] No remotes found. The following remotes are missing: origin, upstream
2024-03-02 04:41:04.567 [info] No GitHub remotes found for folder /home/vscode/environment
2024-03-02 04:41:05.128 [info] Found GitHub remote for folder /home/vscode/.oh-my-zsh
2024-03-02 04:41:05.136 [info] Found GitHub remote for folder /home/vscode/.nodenv
2024-03-02 04:41:05.347 [info] Repo state for file:///home/vscode/.oh-my-zsh changed.
2024-03-02 04:41:05.348 [info] Repo file:///home/vscode/.oh-my-zsh has already been setup.
2024-03-02 04:41:11.402 [info] Repo state for file:///home/vscode/.nodenv changed.
2024-03-02 04:41:11.410 [info] Repo file:///home/vscode/.nodenv has already been setup.
2024-03-02 04:41:12.461 [info] Review+2> Validate state in progress
2024-03-02 04:41:12.462 [info] Review+2> Validating state...
2024-03-02 04:41:12.462 [info] Repo state for file:///home/vscode/environment changed.
2024-03-02 04:41:12.462 [info] Repo file:///home/vscode/environment has already been setup.
2024-03-02 04:41:12.468 [warning] No remotes found. The following remotes are missing: origin, upstream
2024-03-02 04:41:12.470 [info] No GitHub remotes found for folder /home/vscode/environment
2024-03-02 04:41:14.422 [info] Trying to use globalState for assignableUsers.
2024-03-02 04:41:14.544 [info] Trying to use globalState for assignableUsers.
2024-03-02 04:41:16.122 [info] Review+2> No matching pull request metadata found locally for current branch main
2024-03-02 04:41:16.626 [info] Review+2> Failed to get upstream for branch main from git config.
2024-03-02 04:41:16.628 [info] Review+2> No matching pull request metadata found on GitHub for current branch main
2024-03-02 04:41:16.630 [info] Review+1> No matching pull request metadata found locally for current branch master
2024-03-02 04:41:16.727 [info] Review+0> No matching pull request metadata found locally for current branch master
2024-03-02 04:41:17.034 [info] GlobalState does not exist for assignableUsers.
2024-03-02 04:41:17.118 [info] GlobalState does not exist for assignableUsers.
2024-03-02 04:41:18.633 [info] Review+1> No matching pull request metadata found on GitHub for current branch master
2024-03-02 04:41:18.636 [info] Review+0> No matching pull request metadata found on GitHub for current branch master
2024-03-02 05:27:36.671 [info] Repository file:///home/vscode has been opened
2024-03-02 05:27:36.671 [info] Review+3> Validate state in progress
2024-03-02 05:27:36.671 [info] Review+3> Validating state...
2024-03-02 05:27:36.672 [warning] No remotes found. The following remotes are missing: origin, upstream
2024-03-02 05:27:36.672 [info] No GitHub remotes found for folder /home/vscode
2024-03-02 05:27:37.052 [info] Review+3> Queuing additional validate state
2024-03-02 05:27:37.052 [info] Repo state for file:///home/vscode changed.
2024-03-02 05:27:37.052 [info] Repo file:///home/vscode has already been setup.
2024-03-02 05:27:39.708 [info] Review+3> Validating state...
2024-03-02 05:27:39.708 [warning] No remotes found. The following remotes are missing: origin, upstream
2024-03-02 05:27:39.708 [info] No GitHub remotes found for folder /home/vscode
2024-03-02 05:27:39.792 [info] Review+3> No matching pull request metadata found locally for current branch main
2024-03-02 05:27:39.794 [info] Review+3> Failed to get upstream for branch main from git config.
2024-03-02 05:27:39.795 [info] Review+3> No matching pull request metadata found on GitHub for current branch main
