2024-03-02 04:50:03.917 [info] Reading sessions from keychain...
2024-03-02 04:50:03.917 [info] Getting sessions for all scopes...
2024-03-02 04:50:03.917 [info] Getting sessions for user:email...
2024-03-02 04:50:03.923 [info] Got stored sessions!
2024-03-02 04:50:03.923 [info] Got 6 verified sessions.
2024-03-02 04:50:03.924 [info] Got 6 sessions for ...
2024-03-02 04:50:03.924 [info] Got 1 sessions for user:email...
2024-03-02 04:50:03.925 [info] Getting sessions for all scopes...
2024-03-02 04:50:03.925 [info] Got 6 sessions for ...
2024-03-02 04:50:03.998 [info] Getting sessions for codespace,read:user,repo,user:email...
2024-03-02 04:50:03.999 [info] Got 1 sessions for codespace,read:user,repo,user:email...
2024-03-02 04:50:04.051 [info] Getting sessions for all scopes...
2024-03-02 04:50:04.051 [info] Got 6 sessions for ...
2024-03-02 04:50:05.503 [info] Getting sessions for all scopes...
2024-03-02 04:50:05.504 [info] Got 6 sessions for ...
2024-03-02 04:50:05.645 [info] Getting sessions for all scopes...
2024-03-02 04:50:05.645 [info] Got 6 sessions for ...
2024-03-02 04:50:06.391 [info] Getting sessions for all scopes...
2024-03-02 04:50:06.392 [info] Got 6 sessions for ...
2024-03-02 04:50:06.497 [info] Getting sessions for all scopes...
2024-03-02 04:50:06.497 [info] Got 6 sessions for ...
2024-03-02 04:50:06.900 [info] Getting sessions for all scopes...
2024-03-02 04:50:06.900 [info] Got 6 sessions for ...
2024-03-02 04:50:07.088 [info] Getting sessions for read:user,repo,user:email,workflow...
2024-03-02 04:50:07.088 [info] Got 1 sessions for read:user,repo,user:email,workflow...
2024-03-02 04:50:07.243 [info] Getting sessions for user:email...
2024-03-02 04:50:07.243 [info] Got 1 sessions for user:email...
2024-03-02 04:50:07.696 [info] Getting sessions for project,read:org,read:user,repo,user:email,workflow...
2024-03-02 04:50:07.696 [info] Got 0 sessions for project,read:org,read:user,repo,user:email,workflow...
2024-03-02 04:50:09.552 [info] Getting sessions for read:user,repo,user:email,workflow...
2024-03-02 04:50:09.552 [info] Got 1 sessions for read:user,repo,user:email,workflow...
2024-03-02 04:50:11.588 [info] Getting sessions for read:user,repo,user:email,workflow...
2024-03-02 04:50:11.588 [info] Got 1 sessions for read:user,repo,user:email,workflow...
