2024-03-02 04:40:40.649 [info] Reading sessions from keychain...
2024-03-02 04:40:40.649 [info] Getting sessions for all scopes...
2024-03-02 04:40:40.649 [info] Getting sessions for user:email...
2024-03-02 04:40:40.649 [info] Getting sessions for all scopes...
2024-03-02 04:40:40.649 [info] Got stored sessions!
2024-03-02 04:40:40.649 [info] Got 6 verified sessions.
2024-03-02 04:40:40.649 [info] Got 6 sessions for ...
2024-03-02 04:40:40.649 [info] Got 1 sessions for user:email...
2024-03-02 04:40:40.649 [info] Got 6 sessions for ...
2024-03-02 04:40:40.649 [info] Getting sessions for all scopes...
2024-03-02 04:40:40.649 [info] Got 6 sessions for ...
2024-03-02 04:40:40.649 [info] Getting sessions for all scopes...
2024-03-02 04:40:40.649 [info] Got 6 sessions for ...
2024-03-02 04:40:40.649 [info] Getting sessions for codespace,read:user,repo,user:email...
2024-03-02 04:40:40.649 [info] Getting sessions for all scopes...
2024-03-02 04:40:40.649 [info] Got 1 sessions for codespace,read:user,repo,user:email...
2024-03-02 04:40:40.649 [info] Got 6 sessions for ...
2024-03-02 04:40:41.141 [info] Getting sessions for all scopes...
2024-03-02 04:40:41.147 [info] Got 6 sessions for ...
2024-03-02 04:40:51.939 [info] Getting sessions for all scopes...
2024-03-02 04:40:51.951 [info] Got 6 sessions for ...
2024-03-02 04:40:52.800 [info] Getting sessions for all scopes...
2024-03-02 04:40:52.802 [info] Got 6 sessions for ...
2024-03-02 04:40:54.225 [info] Getting sessions for project,read:org,read:user,repo,user:email,workflow...
2024-03-02 04:40:54.225 [info] Got 0 sessions for project,read:org,read:user,repo,user:email,workflow...
2024-03-02 04:40:59.532 [info] Getting sessions for read:user,repo,user:email,workflow...
2024-03-02 04:40:59.540 [info] Got 1 sessions for read:user,repo,user:email,workflow...
2024-03-02 04:41:00.045 [info] Getting sessions for read:user,repo,user:email,workflow...
2024-03-02 04:41:00.060 [info] Got 1 sessions for read:user,repo,user:email,workflow...
2024-03-02 04:41:02.010 [info] Getting sessions for read:user,repo,user:email,workflow...
2024-03-02 04:41:02.016 [info] Got 1 sessions for read:user,repo,user:email,workflow...
2024-03-02 04:41:05.075 [info] Getting sessions for user:email...
2024-03-02 04:41:05.077 [info] Got 1 sessions for user:email...
2024-03-02 04:41:11.284 [info] Getting sessions for read:user,repo,user:email,workflow...
2024-03-02 04:41:11.287 [info] Got 1 sessions for read:user,repo,user:email,workflow...
2024-03-02 04:41:19.593 [info] Getting sessions for read:user,repo,user:email,workflow...
2024-03-02 04:41:19.604 [info] Got 1 sessions for read:user,repo,user:email,workflow...
