2024-03-02 04:50:06.446 [info] ログ レベル: Info
2024-03-02 04:50:06.446 [info] Git の検証が検出されました: "git"
2024-03-02 04:50:06.446 [info] "git" から Git "2.43.0" を使用しています
2024-03-02 04:50:06.446 [info] > git rev-parse --show-toplevel [10ms]
2024-03-02 04:50:06.446 [info] fatal: not a git repository (or any of the parent directories): .git
2024-03-02 04:50:06.446 [info] > git rev-parse --show-toplevel [4ms]
2024-03-02 04:50:06.446 [info] fatal: not a git repository (or any of the parent directories): .git
2024-03-02 04:50:06.447 [info] > git rev-parse --show-toplevel [2ms]
2024-03-02 04:50:06.447 [info] fatal: not a git repository (or any of the parent directories): .git
2024-03-02 04:50:06.573 [info] > git rev-parse --show-toplevel [80ms]
2024-03-02 04:50:06.573 [info] fatal: not a git repository (or any of the parent directories): .git
2024-03-02 05:37:22.908 [info] > git rev-parse --show-toplevel [1ms]
2024-03-02 05:37:22.937 [info] > git rev-parse --git-dir --git-common-dir [2ms]
2024-03-02 05:37:22.951 [info] Open repository: /home/vscode/progate_path/self_introduction_push/self_introduction
2024-03-02 05:37:23.016 [info] No remotes found in the git config file.
2024-03-02 05:37:23.017 [info] > git config --get commit.template [30ms]
2024-03-02 05:37:23.018 [info] > git for-each-ref --format=%(refname)%00%(upstream:short)%00%(objectname)%00%(upstream:track)%00%(upstream:remotename)%00%(upstream:remoteref) refs/heads/main refs/remotes/main [3ms]
2024-03-02 05:37:23.050 [info] > git status -z -uall [3ms]
2024-03-02 05:37:23.098 [info] > git config --get commit.template [1ms]
2024-03-02 05:37:23.126 [info] No remotes found in the git config file.
2024-03-02 05:37:23.127 [info] > git for-each-ref --format=%(refname)%00%(upstream:short)%00%(objectname)%00%(upstream:track)%00%(upstream:remotename)%00%(upstream:remoteref) refs/heads/main refs/remotes/main [2ms]
2024-03-02 05:37:23.159 [info] > git status -z -uall [4ms]
2024-03-02 05:37:23.452 [info] > git config --local branch.main.github-pr-owner-number [39ms]
2024-03-02 05:37:23.483 [info] > git config --local branch.main.remote [3ms]
2024-03-02 05:37:23.598 [info] > git check-ignore -v -z --stdin [2ms]
2024-03-02 05:37:32.626 [info] No remotes found in the git config file.
2024-03-02 05:37:32.627 [info] > git config --get commit.template [39ms]
2024-03-02 05:37:32.629 [info] > git for-each-ref --format=%(refname)%00%(upstream:short)%00%(objectname)%00%(upstream:track)%00%(upstream:remotename)%00%(upstream:remoteref) refs/heads/main refs/remotes/main [4ms]
2024-03-02 05:37:32.669 [info] > git status -z -uall [2ms]
2024-03-02 05:37:38.637 [info] No remotes found in the git config file.
2024-03-02 05:37:38.638 [info] > git config --get commit.template [29ms]
2024-03-02 05:37:38.639 [info] > git for-each-ref --format=%(refname)%00%(upstream:short)%00%(objectname)%00%(upstream:track)%00%(upstream:remotename)%00%(upstream:remoteref) refs/heads/main refs/remotes/main [2ms]
2024-03-02 05:37:38.709 [info] > git status -z -uall [35ms]
2024-03-02 05:37:38.747 [info] > git config --local branch.main.github-pr-owner-number [3ms]
2024-03-02 05:37:38.778 [info] > git config --local branch.main.remote [2ms]
2024-03-02 05:39:33.532 [info] > git config --get commit.template [2ms]
2024-03-02 05:39:33.567 [info] > git for-each-ref --format=%(refname)%00%(upstream:short)%00%(objectname)%00%(upstream:track)%00%(upstream:remotename)%00%(upstream:remoteref) refs/heads/main refs/remotes/main [2ms]
2024-03-02 05:39:33.603 [info] > git status -z -uall [2ms]
2024-03-02 05:39:33.643 [info] > git config --local branch.main.github-pr-owner-number [3ms]
2024-03-02 05:39:33.676 [info] > git config --local branch.main.remote [2ms]
2024-03-02 05:41:30.528 [info] > git config --get commit.template [29ms]
2024-03-02 05:41:30.529 [info] > git for-each-ref --format=%(refname)%00%(upstream:short)%00%(objectname)%00%(upstream:track)%00%(upstream:remotename)%00%(upstream:remoteref) refs/heads/main refs/remotes/main [3ms]
2024-03-02 05:41:30.558 [info] > git status -z -uall [2ms]
2024-03-02 05:41:31.241 [info] > git config --local branch.main.github-pr-owner-number [132ms]
2024-03-02 05:41:31.274 [info] > git config --local branch.main.remote [3ms]
2024-03-02 05:42:22.982 [info] > git config --local branch.main.github-pr-owner-number [2ms]
2024-03-02 05:45:15.049 [info] > git config --get commit.template [29ms]
2024-03-02 05:45:15.050 [info] > git for-each-ref --format=%(refname)%00%(upstream:short)%00%(objectname)%00%(upstream:track)%00%(upstream:remotename)%00%(upstream:remoteref) refs/heads/main refs/remotes/main [2ms]
2024-03-02 05:45:15.082 [info] > git status -z -uall [4ms]
2024-03-02 05:45:15.318 [info] > git config --local branch.main.github-pr-owner-number [117ms]
2024-03-02 05:45:15.348 [info] > git config --local branch.main.remote [2ms]
2024-03-02 05:47:23.042 [info] > git config --local branch.main.github-pr-owner-number [2ms]
2024-03-02 05:50:12.834 [info] > git config --get commit.template [28ms]
2024-03-02 05:50:12.835 [info] > git for-each-ref --format=%(refname)%00%(upstream:short)%00%(objectname)%00%(upstream:track)%00%(upstream:remotename)%00%(upstream:remoteref) refs/heads/main refs/remotes/main [2ms]
2024-03-02 05:50:12.864 [info] > git status -z -uall [2ms]
2024-03-02 05:50:24.374 [info] > git config --get commit.template [31ms]
2024-03-02 05:50:24.376 [info] > git for-each-ref --format=%(refname)%00%(upstream:short)%00%(objectname)%00%(upstream:track)%00%(upstream:remotename)%00%(upstream:remoteref) refs/heads/main refs/remotes/main [2ms]
2024-03-02 05:50:24.408 [info] > git status -z -uall [3ms]
2024-03-02 05:52:23.076 [info] > git config --local branch.main.github-pr-owner-number [3ms]
2024-03-02 05:53:10.187 [info] > git config --get commit.template [45ms]
2024-03-02 05:53:10.190 [info] > git for-each-ref --format=%(refname)%00%(upstream:short)%00%(objectname)%00%(upstream:track)%00%(upstream:remotename)%00%(upstream:remoteref) refs/heads/main refs/remotes/main [5ms]
2024-03-02 05:53:10.240 [info] > git status -z -uall [5ms]
2024-03-02 05:53:23.811 [info] > git config --get commit.template [28ms]
2024-03-02 05:53:23.812 [info] > git for-each-ref --format=%(refname)%00%(upstream:short)%00%(objectname)%00%(upstream:track)%00%(upstream:remotename)%00%(upstream:remoteref) refs/heads/main refs/remotes/main [2ms]
2024-03-02 05:53:23.842 [info] > git status -z -uall [2ms]
2024-03-02 05:55:00.826 [info] > git check-ignore -v -z --stdin [2ms]
2024-03-02 05:55:02.139 [info] > git show --textconv :src/favorite_food.md [41ms]
2024-03-02 05:55:02.140 [info] > git ls-files --stage -- /home/vscode/progate_path/self_introduction_push/self_introduction/src/favorite_food.md [3ms]
2024-03-02 05:55:02.177 [info] > git cat-file -s f5033617eeed106b96d7206b522114e8323b4198 [2ms]
2024-03-02 05:57:23.110 [info] > git config --local branch.main.github-pr-owner-number [2ms]
2024-03-02 05:57:46.756 [info] > git config --get commit.template [61ms]
2024-03-02 05:57:46.760 [info] > git for-each-ref --format=%(refname)%00%(upstream:short)%00%(objectname)%00%(upstream:track)%00%(upstream:remotename)%00%(upstream:remoteref) refs/heads/branch-a refs/remotes/branch-a [5ms]
2024-03-02 05:57:46.816 [info] > git status -z -uall [10ms]
2024-03-02 05:57:46.879 [info] > git ls-files --stage -- /home/vscode/progate_path/self_introduction_push/self_introduction/src/favorite_food.md [2ms]
2024-03-02 05:57:46.908 [info] > git cat-file -s f5033617eeed106b96d7206b522114e8323b4198 [2ms]
2024-03-02 05:57:47.104 [info] > git config --local branch.branch-a.github-pr-owner-number [141ms]
2024-03-02 05:57:47.135 [info] > git show --textconv :src/favorite_food.md [32ms]
2024-03-02 05:57:47.141 [info] > git config --local branch.branch-a.remote [9ms]
2024-03-02 05:58:22.700 [info] > git config --get commit.template [28ms]
2024-03-02 05:58:22.703 [info] > git for-each-ref --format=%(refname)%00%(upstream:short)%00%(objectname)%00%(upstream:track)%00%(upstream:remotename)%00%(upstream:remoteref) refs/heads/branch-a refs/remotes/branch-a [4ms]
2024-03-02 05:58:22.738 [info] > git status -z -uall [3ms]
2024-03-02 05:58:22.898 [info] > git ls-files --stage -- /home/vscode/progate_path/self_introduction_push/self_introduction/src/favorite_food.md [2ms]
2024-03-02 05:58:22.928 [info] > git cat-file -s f5033617eeed106b96d7206b522114e8323b4198 [2ms]
2024-03-02 05:58:23.056 [info] > git show --textconv :src/favorite_food.md [2ms]
2024-03-02 06:02:23.146 [info] > git config --local branch.branch-a.github-pr-owner-number [2ms]
2024-03-02 06:07:23.180 [info] > git config --local branch.branch-a.github-pr-owner-number [2ms]
2024-03-02 06:07:26.344 [info] > git config --get commit.template [31ms]
2024-03-02 06:07:26.345 [info] > git for-each-ref --format=%(refname)%00%(upstream:short)%00%(objectname)%00%(upstream:track)%00%(upstream:remotename)%00%(upstream:remoteref) refs/heads/branch-a refs/remotes/branch-a [2ms]
2024-03-02 06:07:26.375 [info] > git status -z -uall [2ms]
2024-03-02 06:07:26.501 [info] > git ls-files --stage -- /home/vscode/progate_path/self_introduction_push/self_introduction/src/favorite_food.md [2ms]
2024-03-02 06:07:26.532 [info] > git cat-file -s f5033617eeed106b96d7206b522114e8323b4198 [1ms]
2024-03-02 06:07:26.657 [info] > git show --textconv :src/favorite_food.md [3ms]
2024-03-02 06:07:35.775 [info] > git config --get commit.template [29ms]
2024-03-02 06:07:35.777 [info] > git for-each-ref --format=%(refname)%00%(upstream:short)%00%(objectname)%00%(upstream:track)%00%(upstream:remotename)%00%(upstream:remoteref) refs/heads/branch-a refs/remotes/branch-a [2ms]
2024-03-02 06:07:35.806 [info] > git status -z -uall [2ms]
2024-03-02 06:07:35.979 [info] > git ls-files --stage -- /home/vscode/progate_path/self_introduction_push/self_introduction/src/favorite_food.md [3ms]
2024-03-02 06:07:36.019 [info] > git cat-file -s f5033617eeed106b96d7206b522114e8323b4198 [3ms]
2024-03-02 06:07:36.140 [info] > git show --textconv :src/favorite_food.md [2ms]
